Microsoft (R) Macro Assembler Version 5.00                  11/5/24 18:08:44
                                                             Page     1-1


       1 0000				datahere segment 
       2 0000  1500			a dw 1500h 
       3 0002  1502			b dw 1502h 
       4 0004  1504			c dw 1504h 
       5 0006  1506			d dw 1506h 
       6 0008				datahere ends 
       7 0000				codehere segment 
       8				assume cs: codehere, ds:datahere 
       9 1000				    ORG 1000h 
      10 1000  A1 0000 R		    MOV AX,[a] 
      11 1003  F7 26 0002 R		    MUL [b] 
      12 1007  A3 0004 R		    MOV [c],AX 
      13 100A  89 16 0006 R		    MOV[d],DX 
      14 100E  F4			    HLT 
      15 100F				codehere ends 
      16				End 
Microsoft (R) Macro Assembler Version 5.00                  11/5/24 18:08:44
                                                             Symbols-1


Segments and Groups:

                N a m e         	Length	 Align	Combine Class

CODEHERE . . . . . . . . . . . .  	100F	PARA	NONE	
DATAHERE . . . . . . . . . . . .  	0008	PARA	NONE	

Symbols:            

                N a m e         	Type	 Value	 Attr

A  . . . . . . . . . . . . . . .  	L WORD	0000	DATAHERE

B  . . . . . . . . . . . . . . .  	L WORD	0002	DATAHERE

C  . . . . . . . . . . . . . . .  	L WORD	0004	DATAHERE

D  . . . . . . . . . . . . . . .  	L WORD	0006	DATAHERE

@FILENAME  . . . . . . . . . . .  	TEXT  exp3a		


     16 Source  Lines
     16 Total   Lines
      8 Symbols

  50634 + 465910 Bytes symbol space free

      0 Warning Errors
      0 Severe  Errors
