Microsoft (R) Macro Assembler Version 5.00                  11/5/24 18:11:26
                                                             Page     1-1


       1 0000				datahere segment 
       2 0000  1600			a dw 1600h 
       3 0002  1602			b dw 1602h 
       4 0004  1604			c dw 1604h 
       5 0006  1606			d dw 1606h 
       6 0008				datahere ends  
       7 0000				codehere segment  
       8				assume cs:codehere, ds:datahere  
       9 2010				    org 2010h 
      10 2010  A1 0000 R		    MOV AX ,[a]  
      11 2013  F7 36 0002 R		    DIV [b]  
      12 2017  A3 0004 R		    MOV[c],AX  
      13 201A  89 16 0006 R		    MOV[d],DX  
      14 201E  F4			    HLT 
      15 201F				codehere ends  
      16				end 
Microsoft (R) Macro Assembler Version 5.00                  11/5/24 18:11:26
                                                             Symbols-1


Segments and Groups:

                N a m e         	Length	 Align	Combine Class

CODEHERE . . . . . . . . . . . .  	201F	PARA	NONE	
DATAHERE . . . . . . . . . . . .  	0008	PARA	NONE	

Symbols:            

                N a m e         	Type	 Value	 Attr

A  . . . . . . . . . . . . . . .  	L WORD	0000	DATAHERE

B  . . . . . . . . . . . . . . .  	L WORD	0002	DATAHERE

C  . . . . . . . . . . . . . . .  	L WORD	0004	DATAHERE

D  . . . . . . . . . . . . . . .  	L WORD	0006	DATAHERE

@FILENAME  . . . . . . . . . . .  	TEXT  exp3b		


     16 Source  Lines
     16 Total   Lines
      8 Symbols

  50634 + 465910 Bytes symbol space free

      0 Warning Errors
      0 Severe  Errors
